<?xml version="1.0" encoding="UTF-8"?>
<!-- Generated by org.testng.reporters.JUnitXMLReporter -->
<testsuite ignored="0" hostname="SanjanaGururaj" failures="1" tests="4" name="Free CRM App Test Cases" time="151.395" errors="0" timestamp="2024-02-01T15:13:19 IST">
  <testcase classname="com.crm.qa.testcases.loginPageTest" name="setUp" time="29.837"/>
  <testcase classname="com.crm.qa.testcases.loginPageTest" name="loginTest" time="43.272"/>
  <testcase classname="com.crm.qa.testcases.homePageTest" name="setUp" time="56.41"/>
  <testcase classname="com.crm.qa.testcases.homePageTest" name="ValidateContact" time="21.19">
    <failure type="java.lang.NullPointerException">
      <![CDATA[java.lang.NullPointerException
at com.crm.qa.testcases.homePageTest.ValidateContact(homePageTest.java:41)
at java.base/java.util.ArrayList.forEach(ArrayList.java:1541)
... Removed 27 stack frames]]>
    </failure>
  </testcase> <!-- ValidateContact -->
</testsuite> <!-- Free CRM App Test Cases -->
