<?xml version="1.0" encoding="UTF-8"?>
<!-- Generated by org.testng.reporters.JUnitXMLReporter -->
<testsuite ignored="0" hostname="SanjanaGururaj" failures="0" tests="5" name="Default test" time="54.249" errors="0" timestamp="2024-02-06T14:49:31 IST">
  <testcase classname="com.crm.qa.testcases.registerPageTest" name="setUp" time="31.987"/>
  <testcase classname="com.crm.qa.testcases.registerPageTest" name="validateRegisterButton" time="16.035"/>
  <testcase classname="com.crm.qa.testcases.registerPageTest" name="validateRegisterForm" time="1.538"/>
  <testcase classname="com.crm.qa.testcases.registerPageTest" name="validateCountryDropdown" time="0.352"/>
  <testcase classname="com.crm.qa.testcases.registerPageTest" name="validateSubmitForm" time="4.239"/>
</testsuite> <!-- Default test -->
