<?xml version="1.0" encoding="UTF-8"?>
<testng-results ignored="0" total="5" passed="5" failed="0" skipped="0">
  <reporter-output>
  </reporter-output>
  <suite started-at="2024-02-06T14:48:36 IST" name="Default suite" finished-at="2024-02-06T14:49:31 IST" duration-ms="54249">
    <groups>
    </groups>
    <test started-at="2024-02-06T14:48:36 IST" name="Default test" finished-at="2024-02-06T14:49:31 IST" duration-ms="54249">
      <class name="com.crm.qa.testcases.registerPageTest">
        <test-method signature="setUp()[pri:0, instance:com.crm.qa.testcases.registerPageTest@37858383]" started-at="2024-02-06T14:48:37 IST" name="setUp" finished-at="2024-02-06T14:49:09 IST" duration-ms="31987" status="PASS">
          <reporter-output>
          </reporter-output>
        </test-method> <!-- setUp -->
        <test-method signature="validateRegisterButton()[pri:1, instance:com.crm.qa.testcases.registerPageTest@37858383]" started-at="2024-02-06T14:49:09 IST" name="validateRegisterButton" finished-at="2024-02-06T14:49:25 IST" duration-ms="16035" status="PASS">
          <reporter-output>
          </reporter-output>
        </test-method> <!-- validateRegisterButton -->
        <test-method signature="validateRegisterForm()[pri:2, instance:com.crm.qa.testcases.registerPageTest@37858383]" started-at="2024-02-06T14:49:25 IST" name="validateRegisterForm" finished-at="2024-02-06T14:49:26 IST" duration-ms="1538" status="PASS">
          <reporter-output>
          </reporter-output>
        </test-method> <!-- validateRegisterForm -->
        <test-method signature="validateCountryDropdown()[pri:3, instance:com.crm.qa.testcases.registerPageTest@37858383]" started-at="2024-02-06T14:49:26 IST" name="validateCountryDropdown" finished-at="2024-02-06T14:49:26 IST" duration-ms="352" status="PASS">
          <reporter-output>
          </reporter-output>
        </test-method> <!-- validateCountryDropdown -->
        <test-method signature="validateSubmitForm()[pri:4, instance:com.crm.qa.testcases.registerPageTest@37858383]" started-at="2024-02-06T14:49:26 IST" name="validateSubmitForm" finished-at="2024-02-06T14:49:31 IST" duration-ms="4239" status="PASS">
          <reporter-output>
          </reporter-output>
        </test-method> <!-- validateSubmitForm -->
      </class> <!-- com.crm.qa.testcases.registerPageTest -->
    </test> <!-- Default test -->
  </suite> <!-- Default suite -->
</testng-results>
